mode: set
github.com/catdevman/go-clickup/clickup/clickup.go:28.58,30.23 1 1
github.com/catdevman/go-clickup/clickup/clickup.go:34.2,36.16 2 1
github.com/catdevman/go-clickup/clickup/clickup.go:40.2,42.20 3 1
github.com/catdevman/go-clickup/clickup/clickup.go:30.23,32.3 1 1
github.com/catdevman/go-clickup/clickup/clickup.go:36.16,38.3 1 0
github.com/catdevman/go-clickup/clickup/clickup.go:46.54,48.2 1 1
github.com/catdevman/go-clickup/clickup/clickup.go:50.43,52.2 1 1
github.com/catdevman/go-clickup/clickup/clickup.go:55.52,56.36 1 1
github.com/catdevman/go-clickup/clickup/clickup.go:56.36,58.3 1 1
github.com/catdevman/go-clickup/clickup/clickup.go:61.87,64.24 3 1
github.com/catdevman/go-clickup/clickup/clickup.go:68.2,68.12 1 1
github.com/catdevman/go-clickup/clickup/clickup.go:64.25,66.3 0 1
github.com/catdevman/go-clickup/clickup/clickup.go:72.72,74.16 2 1
github.com/catdevman/go-clickup/clickup/clickup.go:78.2,81.16 3 1
github.com/catdevman/go-clickup/clickup/clickup.go:84.2,87.16 3 1
github.com/catdevman/go-clickup/clickup/clickup.go:91.2,91.38 1 1
github.com/catdevman/go-clickup/clickup/clickup.go:97.2,97.18 1 1
github.com/catdevman/go-clickup/clickup/clickup.go:74.16,76.3 1 0
github.com/catdevman/go-clickup/clickup/clickup.go:81.16,83.3 1 0
github.com/catdevman/go-clickup/clickup/clickup.go:87.16,89.3 1 0
github.com/catdevman/go-clickup/clickup/clickup.go:91.38,96.3 1 1
github.com/catdevman/go-clickup/clickup/clickup.go:100.91,102.16 2 1
github.com/catdevman/go-clickup/clickup/clickup.go:106.2,107.16 2 1
github.com/catdevman/go-clickup/clickup/clickup.go:111.2,114.16 3 1
github.com/catdevman/go-clickup/clickup/clickup.go:118.2,120.16 3 1
github.com/catdevman/go-clickup/clickup/clickup.go:124.2,124.82 1 1
github.com/catdevman/go-clickup/clickup/clickup.go:131.2,131.18 1 1
github.com/catdevman/go-clickup/clickup/clickup.go:102.16,104.3 1 0
github.com/catdevman/go-clickup/clickup/clickup.go:107.16,109.3 1 0
github.com/catdevman/go-clickup/clickup/clickup.go:114.16,116.3 1 0
github.com/catdevman/go-clickup/clickup/clickup.go:120.16,122.3 1 0
github.com/catdevman/go-clickup/clickup/clickup.go:124.82,129.3 1 1
github.com/catdevman/go-clickup/clickup/clickup.go:136.54,138.16 2 1
github.com/catdevman/go-clickup/clickup/clickup.go:142.2,143.12 2 1
github.com/catdevman/go-clickup/clickup/clickup.go:138.16,140.3 1 0
github.com/catdevman/go-clickup/clickup/error.go:18.31,20.15 2 1
github.com/catdevman/go-clickup/clickup/error.go:24.2,24.54 1 1
github.com/catdevman/go-clickup/clickup/error.go:20.15,22.3 1 1
github.com/catdevman/go-clickup/clickup/error.go:28.37,30.2 1 1
github.com/catdevman/go-clickup/clickup/error.go:33.38,35.2 1 1
github.com/catdevman/go-clickup/clickup/error.go:38.29,40.2 1 1
github.com/catdevman/go-clickup/clickup/error.go:47.39,49.2 1 0
